TN:
SF:src\app\core\services\author.service.ts
FN:9,(anonymous_0)
FN:13,(anonymous_1)
FN:27,(anonymous_2)
FN:31,(anonymous_3)
FN:35,(anonymous_4)
FN:39,(anonymous_5)
FNF:6
FNH:6
FNDA:6,(anonymous_0)
FNDA:1,(anonymous_1)
FNDA:1,(anonymous_2)
FNDA:1,(anonymous_3)
FNDA:1,(anonymous_4)
FNDA:1,(anonymous_5)
DA:1,3
DA:2,3
DA:4,3
DA:9,3
DA:10,6
DA:11,6
DA:14,1
DA:20,1
DA:21,0
DA:24,1
DA:28,1
DA:32,1
DA:36,1
DA:40,1
LF:14
LH:13
BRDA:13,0,0,1
BRDA:15,1,0,1
BRDA:15,1,1,1
BRDA:16,2,0,1
BRDA:16,2,1,1
BRDA:17,3,0,1
BRDA:17,3,1,1
BRDA:18,4,0,1
BRDA:18,4,1,1
BRDA:20,5,0,0
BRF:10
BRH:9
end_of_record
TN:
SF:src\app\core\services\book.service.ts
FN:9,(anonymous_0)
FN:13,(anonymous_1)
FN:27,(anonymous_2)
FN:31,(anonymous_3)
FN:35,(anonymous_4)
FN:39,(anonymous_5)
FNF:6
FNH:6
FNDA:8,(anonymous_0)
FNDA:2,(anonymous_1)
FNDA:1,(anonymous_2)
FNDA:1,(anonymous_3)
FNDA:1,(anonymous_4)
FNDA:1,(anonymous_5)
DA:1,3
DA:2,3
DA:4,3
DA:9,3
DA:10,8
DA:11,7
DA:14,2
DA:20,2
DA:21,1
DA:24,2
DA:28,1
DA:32,1
DA:36,1
DA:40,1
LF:14
LH:14
BRDA:13,0,0,1
BRDA:15,1,0,2
BRDA:15,1,1,2
BRDA:16,2,0,2
BRDA:16,2,1,2
BRDA:17,3,0,2
BRDA:17,3,1,2
BRDA:18,4,0,2
BRDA:18,4,1,2
BRDA:20,5,0,1
BRF:10
BRH:10
end_of_record
TN:
SF:src\app\core\services\category.service.ts
FN:9,(anonymous_0)
FN:13,(anonymous_1)
FN:18,(anonymous_2)
FN:22,(anonymous_3)
FN:26,(anonymous_4)
FNF:5
FNH:5
FNDA:8,(anonymous_0)
FNDA:1,(anonymous_1)
FNDA:1,(anonymous_2)
FNDA:1,(anonymous_3)
FNDA:1,(anonymous_4)
DA:1,2
DA:2,2
DA:4,2
DA:9,2
DA:10,8
DA:11,5
DA:14,1
DA:15,1
DA:19,1
DA:23,1
DA:27,1
LF:11
LH:11
BRF:0
BRH:0
end_of_record
TN:
SF:src\app\core\services\client.service.ts
FN:9,(anonymous_0)
FN:13,(anonymous_1)
FN:27,(anonymous_2)
FN:31,(anonymous_3)
FN:35,(anonymous_4)
FN:39,(anonymous_5)
FNF:6
FNH:6
FNDA:7,(anonymous_0)
FNDA:2,(anonymous_1)
FNDA:1,(anonymous_2)
FNDA:1,(anonymous_3)
FNDA:1,(anonymous_4)
FNDA:1,(anonymous_5)
DA:1,3
DA:2,3
DA:4,3
DA:9,3
DA:10,7
DA:11,7
DA:14,2
DA:20,2
DA:21,1
DA:24,2
DA:28,1
DA:32,1
DA:36,1
DA:40,1
LF:14
LH:14
BRDA:13,0,0,1
BRDA:15,1,0,2
BRDA:15,1,1,2
BRDA:16,2,0,2
BRDA:16,2,1,2
BRDA:17,3,0,2
BRDA:17,3,1,2
BRDA:18,4,0,2
BRDA:18,4,1,2
BRDA:20,5,0,1
BRF:10
BRH:10
end_of_record
TN:
SF:src\app\core\services\loan.service.ts
FN:9,(anonymous_0)
FN:13,(anonymous_1)
FN:27,(anonymous_2)
FN:31,(anonymous_3)
FN:35,(anonymous_4)
FN:39,(anonymous_5)
FN:43,(anonymous_6)
FNF:7
FNH:7
FNDA:7,(anonymous_0)
FNDA:2,(anonymous_1)
FNDA:1,(anonymous_2)
FNDA:1,(anonymous_3)
FNDA:1,(anonymous_4)
FNDA:1,(anonymous_5)
FNDA:1,(anonymous_6)
DA:1,2
DA:2,2
DA:4,2
DA:9,2
DA:10,7
DA:11,7
DA:14,2
DA:20,2
DA:21,1
DA:24,2
DA:28,1
DA:32,1
DA:36,1
DA:40,1
DA:44,1
LF:15
LH:15
BRDA:13,0,0,1
BRDA:15,1,0,2
BRDA:15,1,1,2
BRDA:16,2,0,2
BRDA:16,2,1,2
BRDA:17,3,0,2
BRDA:17,3,1,2
BRDA:18,4,0,2
BRDA:18,4,1,2
BRDA:20,5,0,1
BRF:10
BRH:10
end_of_record
TN:
SF:src\app\features\authors\author-list\author-list.component.ts
FN:50,(anonymous_0)
FN:59,(anonymous_1)
FN:62,(anonymous_2)
FN:64,(anonymous_3)
FN:71,(anonymous_4)
FN:76,(anonymous_5)
FN:80,(anonymous_6)
FN:82,(anonymous_7)
FN:88,(anonymous_8)
FN:94,(anonymous_9)
FN:96,(anonymous_10)
FN:99,(anonymous_11)
FN:101,(anonymous_12)
FN:104,(anonymous_13)
FN:108,(anonymous_14)
FN:111,(anonymous_15)
FN:112,(anonymous_16)
FN:118,(anonymous_17)
FN:122,(anonymous_18)
FNF:19
FNH:13
FNDA:14,(anonymous_0)
FNDA:1,(anonymous_1)
FNDA:14,(anonymous_2)
FNDA:18,(anonymous_3)
FNDA:17,(anonymous_4)
FNDA:1,(anonymous_5)
FNDA:1,(anonymous_6)
FNDA:1,(anonymous_7)
FNDA:1,(anonymous_8)
FNDA:2,(anonymous_9)
FNDA:0,(anonymous_10)
FNDA:2,(anonymous_11)
FNDA:0,(anonymous_12)
FNDA:3,(anonymous_13)
FNDA:0,(anonymous_14)
FNDA:0,(anonymous_15)
FNDA:0,(anonymous_16)
FNDA:0,(anonymous_17)
FNDA:1,(anonymous_18)
DA:1,1
DA:2,1
DA:3,1
DA:4,1
DA:5,1
DA:6,1
DA:7,1
DA:8,1
DA:9,1
DA:10,1
DA:11,1
DA:12,1
DA:13,1
DA:14,1
DA:15,1
DA:16,1
DA:18,1
DA:20,1
DA:21,1
DA:36,1
DA:37,14
DA:38,14
DA:39,14
DA:40,14
DA:42,14
DA:43,14
DA:44,14
DA:45,14
DA:46,14
DA:48,14
DA:51,14
DA:52,14
DA:53,14
DA:55,14
DA:59,1
DA:62,14
DA:65,18
DA:66,18
DA:72,17
DA:73,17
DA:74,17
DA:76,1
DA:80,1
DA:83,1
DA:84,1
DA:85,1
DA:89,1
DA:90,1
DA:91,1
DA:95,2
DA:96,0
DA:100,2
DA:101,0
DA:105,3
DA:109,0
DA:110,0
DA:111,0
DA:112,0
DA:119,0
DA:123,1
LF:60
LH:53
BRDA:69,0,0,18
BRDA:69,0,1,18
BRDA:89,1,0,1
BRDA:89,1,1,0
BRDA:90,2,0,1
BRDA:90,2,1,0
BRDA:96,3,0,0
BRDA:101,4,0,0
BRDA:109,5,0,0
BRDA:112,6,0,0
BRDA:112,6,1,0
BRF:11
BRH:4
end_of_record
TN:
SF:src\app\features\books\book-list\book-list.component.ts
FN:54,(anonymous_0)
FN:63,(anonymous_1)
FN:69,(anonymous_2)
FN:73,(anonymous_3)
FN:82,(anonymous_4)
FN:87,(anonymous_5)
FN:94,(anonymous_6)
FN:98,(anonymous_7)
FN:104,(anonymous_8)
FN:110,(anonymous_9)
FN:115,(anonymous_10)
FN:120,(anonymous_11)
FN:125,(anonymous_12)
FN:130,(anonymous_13)
FN:135,(anonymous_14)
FN:138,(anonymous_15)
FN:142,(anonymous_16)
FN:148,(anonymous_17)
FN:149,(anonymous_18)
FN:152,(anonymous_19)
FN:156,(anonymous_20)
FNF:21
FNH:15
FNDA:14,(anonymous_0)
FNDA:1,(anonymous_1)
FNDA:14,(anonymous_2)
FNDA:18,(anonymous_3)
FNDA:17,(anonymous_4)
FNDA:1,(anonymous_5)
FNDA:1,(anonymous_6)
FNDA:1,(anonymous_7)
FNDA:1,(anonymous_8)
FNDA:2,(anonymous_9)
FNDA:0,(anonymous_10)
FNDA:1,(anonymous_11)
FNDA:0,(anonymous_12)
FNDA:2,(anonymous_13)
FNDA:0,(anonymous_14)
FNDA:0,(anonymous_15)
FNDA:0,(anonymous_16)
FNDA:16,(anonymous_17)
FNDA:1,(anonymous_18)
FNDA:0,(anonymous_19)
FNDA:1,(anonymous_20)
DA:1,1
DA:4,1
DA:5,1
DA:6,1
DA:7,1
DA:8,1
DA:9,1
DA:10,1
DA:11,1
DA:12,1
DA:13,1
DA:14,1
DA:15,1
DA:16,1
DA:17,1
DA:18,1
DA:19,1
DA:21,1
DA:23,1
DA:24,1
DA:39,1
DA:40,14
DA:42,14
DA:43,14
DA:44,14
DA:46,14
DA:47,14
DA:48,14
DA:49,14
DA:50,14
DA:52,14
DA:55,14
DA:56,14
DA:57,14
DA:59,14
DA:64,1
DA:65,1
DA:70,14
DA:74,18
DA:75,18
DA:83,17
DA:84,17
DA:85,17
DA:88,1
DA:89,1
DA:95,1
DA:99,1
DA:100,1
DA:101,1
DA:105,1
DA:106,1
DA:107,1
DA:111,2
DA:115,0
DA:116,0
DA:121,1
DA:125,0
DA:126,0
DA:131,2
DA:135,0
DA:136,0
DA:137,0
DA:139,0
DA:140,0
DA:142,0
DA:149,16
DA:153,0
DA:157,1
LF:68
LH:57
BRDA:80,0,0,18
BRDA:80,0,1,18
BRDA:105,1,0,1
BRDA:105,1,1,0
BRDA:106,2,0,1
BRDA:106,2,1,0
BRDA:116,3,0,0
BRDA:126,4,0,0
BRDA:136,5,0,0
BRDA:149,6,0,16
BRDA:149,6,1,15
BRF:11
BRH:6
end_of_record
TN:
SF:src\app\features\clients\client-list\client-list.component.ts
FN:50,(anonymous_0)
FN:59,(anonymous_1)
FN:62,(anonymous_2)
FN:64,(anonymous_3)
FN:71,(anonymous_4)
FN:76,(anonymous_5)
FN:80,(anonymous_6)
FN:82,(anonymous_7)
FN:88,(anonymous_8)
FN:94,(anonymous_9)
FN:96,(anonymous_10)
FN:99,(anonymous_11)
FN:101,(anonymous_12)
FN:104,(anonymous_13)
FN:108,(anonymous_14)
FN:111,(anonymous_15)
FN:112,(anonymous_16)
FN:118,(anonymous_17)
FN:122,(anonymous_18)
FNF:19
FNH:13
FNDA:12,(anonymous_0)
FNDA:1,(anonymous_1)
FNDA:12,(anonymous_2)
FNDA:16,(anonymous_3)
FNDA:15,(anonymous_4)
FNDA:1,(anonymous_5)
FNDA:1,(anonymous_6)
FNDA:1,(anonymous_7)
FNDA:1,(anonymous_8)
FNDA:2,(anonymous_9)
FNDA:0,(anonymous_10)
FNDA:1,(anonymous_11)
FNDA:0,(anonymous_12)
FNDA:3,(anonymous_13)
FNDA:0,(anonymous_14)
FNDA:0,(anonymous_15)
FNDA:0,(anonymous_16)
FNDA:0,(anonymous_17)
FNDA:1,(anonymous_18)
DA:1,1
DA:2,1
DA:3,1
DA:4,1
DA:5,1
DA:6,1
DA:7,1
DA:8,1
DA:9,1
DA:10,1
DA:11,1
DA:12,1
DA:13,1
DA:14,1
DA:15,1
DA:16,1
DA:18,1
DA:20,1
DA:21,1
DA:36,1
DA:37,12
DA:38,12
DA:39,12
DA:40,12
DA:42,12
DA:43,12
DA:44,12
DA:45,12
DA:46,12
DA:48,12
DA:51,12
DA:52,12
DA:53,12
DA:55,12
DA:59,1
DA:62,12
DA:65,16
DA:66,16
DA:72,15
DA:73,15
DA:74,15
DA:76,1
DA:80,1
DA:83,1
DA:84,1
DA:85,1
DA:89,1
DA:90,1
DA:91,1
DA:95,2
DA:96,0
DA:100,1
DA:101,0
DA:105,3
DA:109,0
DA:110,0
DA:111,0
DA:112,0
DA:119,0
DA:123,1
LF:60
LH:53
BRDA:69,0,0,16
BRDA:69,0,1,16
BRDA:89,1,0,1
BRDA:89,1,1,0
BRDA:90,2,0,1
BRDA:90,2,1,0
BRDA:96,3,0,0
BRDA:101,4,0,0
BRDA:109,5,0,0
BRDA:112,6,0,0
BRDA:112,6,1,0
BRF:11
BRH:4
end_of_record
TN:
SF:src\app\features\loans\loan-list\loan-list.component.ts
FN:60,(anonymous_0)
FN:66,(anonymous_1)
FN:68,(anonymous_2)
FN:75,(anonymous_3)
FN:80,(anonymous_4)
FN:84,(anonymous_5)
FN:86,(anonymous_6)
FN:92,(anonymous_7)
FN:98,(anonymous_8)
FN:100,(anonymous_9)
FN:103,(anonymous_10)
FN:107,(anonymous_11)
FN:115,(anonymous_12)
FN:116,(anonymous_13)
FN:122,(anonymous_14)
FN:126,(anonymous_15)
FN:129,(anonymous_16)
FN:130,(anonymous_17)
FN:136,(anonymous_18)
FN:140,(anonymous_19)
FN:144,(anonymous_20)
FN:148,(anonymous_21)
FNF:22
FNH:12
FNDA:10,(anonymous_0)
FNDA:10,(anonymous_1)
FNDA:12,(anonymous_2)
FNDA:11,(anonymous_3)
FNDA:1,(anonymous_4)
FNDA:1,(anonymous_5)
FNDA:0,(anonymous_6)
FNDA:0,(anonymous_7)
FNDA:1,(anonymous_8)
FNDA:0,(anonymous_9)
FNDA:3,(anonymous_10)
FNDA:0,(anonymous_11)
FNDA:0,(anonymous_12)
FNDA:0,(anonymous_13)
FNDA:1,(anonymous_14)
FNDA:0,(anonymous_15)
FNDA:0,(anonymous_16)
FNDA:0,(anonymous_17)
FNDA:13,(anonymous_18)
FNDA:10,(anonymous_19)
FNDA:0,(anonymous_20)
FNDA:1,(anonymous_21)
DA:1,1
DA:2,1
DA:3,1
DA:4,1
DA:5,1
DA:6,1
DA:7,1
DA:8,1
DA:9,1
DA:10,1
DA:11,1
DA:12,1
DA:13,1
DA:14,1
DA:15,1
DA:17,1
DA:19,1
DA:20,1
DA:35,1
DA:36,10
DA:37,10
DA:38,10
DA:39,10
DA:41,10
DA:42,10
DA:43,10
DA:44,10
DA:45,10
DA:47,10
DA:54,10
DA:61,10
DA:62,10
DA:63,10
DA:66,10
DA:69,12
DA:70,12
DA:76,11
DA:77,11
DA:78,11
DA:80,1
DA:84,1
DA:87,0
DA:88,0
DA:89,0
DA:93,0
DA:94,0
DA:95,0
DA:99,1
DA:100,0
DA:104,3
DA:108,0
DA:109,0
DA:115,0
DA:116,0
DA:123,1
DA:127,0
DA:128,0
DA:129,0
DA:130,0
DA:137,13
DA:141,10
DA:145,0
DA:149,1
LF:63
LH:47
BRDA:73,0,0,12
BRDA:73,0,1,11
BRDA:93,1,0,0
BRDA:93,1,1,0
BRDA:94,2,0,0
BRDA:94,2,1,0
BRDA:100,3,0,0
BRDA:108,4,0,0
BRDA:116,5,0,0
BRDA:116,5,1,0
BRDA:127,6,0,0
BRDA:130,7,0,0
BRDA:130,7,1,0
BRDA:137,8,0,13
BRDA:137,8,1,0
BRDA:141,9,0,10
BRDA:141,9,1,0
BRF:17
BRH:4
end_of_record
TN:
SF:src\app\shared\confirm-dialog\confirm-dialog.component.ts
FN:19,(anonymous_0)
FNF:1
FNH:1
FNDA:12,(anonymous_0)
DA:1,4
DA:2,4
DA:3,4
DA:18,4
DA:20,12
DA:21,12
LF:6
LH:6
BRF:0
BRH:0
end_of_record
